<?xml version="1.0" encoding="UTF-8"?>
<testng-results ignored="0" total="1" passed="1" failed="0" skipped="0">
  <reporter-output>
  </reporter-output>
  <suite started-at="2022-05-01T02:02:09Z" name="Default suite" finished-at="2022-05-01T02:03:29Z" duration-ms="80549">
    <groups>
    </groups>
    <test started-at="2022-05-01T02:02:09Z" name="Default test" finished-at="2022-05-01T02:03:29Z" duration-ms="80549">
      <class name="com.mmp.tests.ScheduleAppointment">
        <test-method is-config="true" signature="setUp()[pri:0, instance:com.mmp.tests.ScheduleAppointment@768fc0f2]" started-at="2022-05-01T02:02:09Z" name="setUp" finished-at="2022-05-01T02:02:14Z" duration-ms="5131" status="PASS">
          <reporter-output>
          </reporter-output>
        </test-method> <!-- setUp -->
        <test-method signature="testScheduleAppointment()[pri:0, instance:com.mmp.tests.ScheduleAppointment@768fc0f2]" started-at="2022-05-01T02:02:14Z" name="testScheduleAppointment" finished-at="2022-05-01T02:03:28Z" duration-ms="74739" status="PASS">
          <reporter-output>
          </reporter-output>
        </test-method> <!-- testScheduleAppointment -->
        <test-method is-config="true" signature="tearDown()[pri:0, instance:com.mmp.tests.ScheduleAppointment@768fc0f2]" started-at="2022-05-01T02:03:28Z" name="tearDown" finished-at="2022-05-01T02:03:29Z" duration-ms="661" status="PASS">
          <reporter-output>
          </reporter-output>
        </test-method> <!-- tearDown -->
      </class> <!-- com.mmp.tests.ScheduleAppointment -->
    </test> <!-- Default test -->
  </suite> <!-- Default suite -->
</testng-results>
