<?xml version="1.0" encoding="UTF-8"?>
<testng-results ignored="0" total="1" passed="1" failed="0" skipped="0">
  <reporter-output>
  </reporter-output>
  <suite started-at="2022-05-04T05:38:08Z" name="Default suite" finished-at="2022-05-04T05:38:46Z" duration-ms="38032">
    <groups>
    </groups>
    <test started-at="2022-05-04T05:38:08Z" name="Default test" finished-at="2022-05-04T05:38:46Z" duration-ms="38032">
      <class name="com.mmp.tests.MessagesTest">
        <test-method is-config="true" signature="setUp()[pri:0, instance:com.mmp.tests.MessagesTest@768fc0f2]" started-at="2022-05-04T05:38:08Z" name="setUp" finished-at="2022-05-04T05:38:13Z" duration-ms="5076" status="PASS">
          <reporter-output>
          </reporter-output>
        </test-method> <!-- setUp -->
        <test-method signature="messagestest()[pri:0, instance:com.mmp.tests.MessagesTest@768fc0f2]" started-at="2022-05-04T05:38:13Z" name="messagestest" finished-at="2022-05-04T05:38:45Z" duration-ms="32272" status="PASS">
          <reporter-output>
          </reporter-output>
        </test-method> <!-- messagestest -->
        <test-method is-config="true" signature="tearDown()[pri:0, instance:com.mmp.tests.MessagesTest@768fc0f2]" started-at="2022-05-04T05:38:45Z" name="tearDown" finished-at="2022-05-04T05:38:46Z" duration-ms="666" status="PASS">
          <reporter-output>
          </reporter-output>
        </test-method> <!-- tearDown -->
      </class> <!-- com.mmp.tests.MessagesTest -->
    </test> <!-- Default test -->
  </suite> <!-- Default suite -->
</testng-results>
